NOTE	Uinstall Log for WinHugs
FILE	.\install.log
FILE	.\demos\Cabal\DefaultSetup.lhs	108	BBED452E
FILE	.\demos\Cabal\hapax.hs	200	9C47BA30
FILE	.\demos\Cabal\Setup.lhs	108	BBED452E
FILE	.\demos\haskell-src\hsparser.hs	3996	131B072D
FILE	.\demos\HaXml\album.dtd	1330	44F8A44
FILE	.\demos\HaXml\album.xml	1741	1E2C135
FILE	.\demos\HaXml\AlbumDTD.hs	10504	150D84A6
FILE	.\demos\HaXml\App.hs	653	D33AAE04
FILE	.\demos\HaXml\DebugLex.hs	453	BD93CDB3
FILE	.\demos\HaXml\DTDpp.hs	1044	13226AF4
FILE	.\demos\HaXml\DTypes.hs	5179	4B906CFA
FILE	.\demos\HaXml\Example.hs	337	40A940DC
FILE	.\demos\HaXml\OpenOffice.org\Blocklist.dtd	2496	BAF95777
FILE	.\demos\HaXml\OpenOffice.org\chart.mod	10195	CA5C9EAE
FILE	.\demos\HaXml\OpenOffice.org\datastyl.mod	12255	A694EB77
FILE	.\demos\HaXml\OpenOffice.org\defs.mod	3516	20AA74EB
FILE	.\demos\HaXml\OpenOffice.org\drawing.mod	46700	32C8526
FILE	.\demos\HaXml\OpenOffice.org\dtypes.mod	5592	7B08D65D
FILE	.\demos\HaXml\OpenOffice.org\form.mod	13374	B8B977E9
FILE	.\demos\HaXml\OpenOffice.org\meta.mod	4371	78464F1F
FILE	.\demos\HaXml\OpenOffice.org\nmspace.mod	3109	CD4D0443
FILE	.\demos\HaXml\OpenOffice.org\office.dtd	2989	965D0EAB
FILE	.\demos\HaXml\OpenOffice.org\office.mod	11737	367D9936
FILE	.\demos\HaXml\OpenOffice.org\office2.dtd	181740	8AB94377
FILE	.\demos\HaXml\OpenOffice.org\script.mod	3187	6F4E3C5A
FILE	.\demos\HaXml\OpenOffice.org\settings.mod	3084	66DAD8D8
FILE	.\demos\HaXml\OpenOffice.org\style.mod	23913	B456C36F
FILE	.\demos\HaXml\OpenOffice.org\table.mod	20429	BBC32B8C
FILE	.\demos\HaXml\OpenOffice.org\text.mod	49387	99B4797A
FILE	.\demos\HaXml\README	2543	5018F2F4
FILE	.\demos\HaXml\SimpleTest.hs	1481	9BA0FBF7
FILE	.\demos\HaXml\SimpleTestBool.hs	371	BAFBCCED
FILE	.\demos\HaXml\SimpleTestD.hs	3574	90545B9D
FILE	.\demos\HaXml\SMIL\DTD_SMIL20.hs	138440	99FF9C4
FILE	.\demos\HaXml\SMIL\SMIL-anim.mod	5703	160E9F80
FILE	.\demos\HaXml\SMIL\smil-attribs-1.mod	6848	A527A8BA
FILE	.\demos\HaXml\SMIL\SMIL-control.mod	2404	F2AFC06
FILE	.\demos\HaXml\SMIL\smil-datatypes-1.mod	1504	26C6C305
FILE	.\demos\HaXml\SMIL\smil-framework-1.mod	2230	A9AEB244
FILE	.\demos\HaXml\SMIL\SMIL-layout.mod	4752	1ED111FD
FILE	.\demos\HaXml\SMIL\SMIL-link.mod	3665	D344DE7E
FILE	.\demos\HaXml\SMIL\SMIL-media.mod	5317	6CE28C8D
FILE	.\demos\HaXml\SMIL\SMIL-metainformation.mod	1554	ED4874FE
FILE	.\demos\HaXml\SMIL\smil-model-1.mod	9131	9F327C6A
FILE	.\demos\HaXml\SMIL\smil-qname-1.mod	6032	6265177D
FILE	.\demos\HaXml\SMIL\SMIL-struct.mod	1624	52D6EEF0
FILE	.\demos\HaXml\SMIL\SMIL-timing.mod	2396	9ACD1B59
FILE	.\demos\HaXml\SMIL\SMIL-transition.mod	4038	9A2249E6
FILE	.\demos\HaXml\SMIL\SMIL20.dtd	3619	136E7233
FILE	.\demos\HaXml\subjdb.xml	1362	F85F8F6E
FILE	.\demos\HaXml\Types.hs	704	7B0CEFD9
FILE	.\demos\HGL\GTest.hs	15643	5BC989B8
FILE	.\demos\HGL\HelloWorld.hs	247	8CA2E9BA
FILE	.\demos\HGL\README	1983	9C2E7AA1
FILE	.\demos\HGL\Tests.hs	5531	BC858EE3
FILE	.\demos\HUnit\Example.hs	978	22B1FD5E
FILE	.\demos\HUnit\test\HUnitTest98.lhs	203	5F92B70
FILE	.\demos\HUnit\test\HUnitTestBase.lhs	12574	FEDB475A
FILE	.\demos\HUnit\test\HUnitTestExtended.lhs	998	2D537D79
FILE	.\demos\HUnit\test\TerminalTest.lhs	707	627A53E6
FILE	.\demos\parsec\Henk\HenkAS.hs	4565	47C92FA3
FILE	.\demos\parsec\Henk\HenkParser.hs	7016	DD69BB46
FILE	.\demos\parsec\Henk\Main.hs	1214	2DC68206
FILE	.\demos\parsec\Henk\test.h	1024	2DF84E31
FILE	.\demos\parsec\Mondrian\Main.hs	262	9A43BF49
FILE	.\demos\parsec\Mondrian\Mondrian.hs	684	B12DDD52
FILE	.\demos\parsec\Mondrian\MonParser.hs	8503	177A45F6
FILE	.\demos\parsec\Mondrian\Prelude.m	912	2A364DFA
FILE	.\demos\parsec\Mondrian\Pretty.hs	2918	A168B40C
FILE	.\demos\parsec\Mondrian\SimpleMondrianPrinter.hs	4815	8E9B229E
FILE	.\demos\parsec\Mondrian\test.m	239	FA0D446
FILE	.\demos\parsec\Mondrian\Utils.hs	1490	E6E28113
FILE	.\demos\parsec\tiger\fac.tig	98	6CC266A7
FILE	.\demos\parsec\tiger\Main.hs	324	F4E173C
FILE	.\demos\parsec\tiger\matrix.tig	3107	50060127
FILE	.\demos\parsec\tiger\merge.tig	1371	96952770
FILE	.\demos\parsec\tiger\queens.tig	730	DF1327BF
FILE	.\demos\parsec\tiger\Tiger.hs	11010	1EA05E0E
FILE	.\demos\parsec\tiger\TigerAS.hs	885	AE84DC04
FILE	.\demos\parsec\UserGuide\Main.hs	4666	E4D83811
FILE	.\demos\parsec\while\fac.wh	55	38579749
FILE	.\demos\parsec\while\fib.wh	119	F338D067
FILE	.\demos\parsec\while\Main.hs	323	CA9807BE
FILE	.\demos\parsec\while\While.hs	5966	65813F9B
FILE	.\demos\parsec\while\WhileAS.hs	871	F189A783
FILE	.\demos\Win32\hello.lhs	3992	5179D165
FILE	.\docs\hugs98.chm	127520	E7BFDEF9
FILE	.\ffihugs.bat	269	B4354759
FILE	.\ffihugs.exe	520192	366A0CC6
FILE	.\hugs.exe	532480	A33BA707
FILE	.\include\HsFFI.h	11659	28FD2509
FILE	.\oldlib\Addr.hs	1253	F0AA9FD9
FILE	.\oldlib\AnsiInteract.hs	3202	F4AAA90E
FILE	.\oldlib\AnsiScreen.hs	933	2F02AE24
FILE	.\oldlib\ArrayBase.hs	133	862170D7
FILE	.\oldlib\Arrow.hs	147	A3C9A2C8
FILE	.\oldlib\Assoc.hs	8108	CE284940
FILE	.\oldlib\AssocDefaults.hs	5236	FC1C7349
FILE	.\oldlib\AssocList.hs	9570	AEABCC25
FILE	.\oldlib\BankersQueue.hs	11020	FDBD0873
FILE	.\oldlib\BinaryRandList.hs	11150	58FA4D63
FILE	.\oldlib\BraunSeq.hs	14270	CF04FB54
FILE	.\oldlib\BSD.hs	115	73F4CB83
FILE	.\oldlib\CGI.lhs	146	CE2FC8E1
FILE	.\oldlib\Chan.lhs	174	24B6785
FILE	.\oldlib\Channel.lhs	180	781E1270
FILE	.\oldlib\ChannelVar.lhs	144	D9A6B976
FILE	.\oldlib\Collection.hs	10103	213B67BE
FILE	.\oldlib\CollectionDefaults.hs	6831	D44ADA7E
FILE	.\oldlib\CollectionUtils.hs	959	B220A316
FILE	.\oldlib\ConcBase.hs	74	2CCA2C1A
FILE	.\oldlib\Concurrent.lhs	171	6AFFD33B
FILE	.\oldlib\COPYRIGHT.edison	1066	7B3A93B9
FILE	.\oldlib\CVar.lhs	1393	4DC7D0B0
FILE	.\oldlib\CVHAssert.hs	77	840F0542
FILE	.\oldlib\DiffArray.hs	138	AFE4D2B4
FILE	.\oldlib\Dynamic.hs	129	559E0D73
FILE	.\oldlib\EdisonPrelude.hs	951	167F895D
FILE	.\oldlib\Exception.hs	145	9A902F10
FILE	.\oldlib\ForeignObj.hs	583	27AB87A4
FILE	.\oldlib\GenericPrint.hs	86	2506D130
FILE	.\oldlib\GetOpt.lhs	172	60EC53DA
FILE	.\oldlib\GraphicsCore.hs	86	ED6B12D7
FILE	.\oldlib\GraphicsUtils.hs	77	8C2BA8B5
FILE	.\oldlib\HsLexer.hs	152	F3FDA50D
FILE	.\oldlib\HsParseMonad.hs	172	15828C62
FILE	.\oldlib\HsParser.hs	156	F9C4C1A8
FILE	.\oldlib\HsParseUtils.hs	172	C17281AE
FILE	.\oldlib\HsPretty.hs	156	46B7E887
FILE	.\oldlib\HsSyn.hs	153	38C82058
FILE	.\oldlib\Html.lhs	134	4F5F5958
FILE	.\oldlib\HtmlBlockTable.lhs	177	9F93B4FB
FILE	.\oldlib\HugsInternals.hs	81	4160F13D
FILE	.\oldlib\HugsLibs.hs	652	14DDE033
FILE	.\oldlib\IArray.hs	141	D618A0E8
FILE	.\oldlib\Interact.hs	2497	4B233109
FILE	.\oldlib\IOExtensions.hs	74	D89031B6
FILE	.\oldlib\IOExts.hs	238	20E67910
FILE	.\oldlib\IORef.hs	119	8AAFBF98
FILE	.\oldlib\JoinList.hs	9634	61332993
FILE	.\oldlib\LazyPairingHeap.hs	15150	C1C6FA6E
FILE	.\oldlib\LazyST.hs	176	6965E060
FILE	.\oldlib\LeftistHeap.hs	12917	6FBEFB02
FILE	.\oldlib\ListSeq.hs	8391	4636BD90
FILE	.\oldlib\ListUtils.hs	895	1C5903B9
FILE	.\oldlib\Memo.hs	62	DDB47C5C
FILE	.\oldlib\MinHeap.hs	10687	EA2FF690
FILE	.\oldlib\MonadCont.lhs	166	3FA2B2F6
FILE	.\oldlib\MonadEither.lhs	171	B0198BE2
FILE	.\oldlib\MonadError.lhs	170	1C182086
FILE	.\oldlib\MonadFix.lhs	162	5AB9FA3A
FILE	.\oldlib\MonadIdentity.lhs	182	2A9881CB
FILE	.\oldlib\MonadList.lhs	166	CF11E8DB
FILE	.\oldlib\MonadReader.lhs	174	E680B519
FILE	.\oldlib\MonadRWS.lhs	162	4D38503
FILE	.\oldlib\MonadState.lhs	170	D9687900
FILE	.\oldlib\MonadTrans.lhs	170	78296FD2
FILE	.\oldlib\MonadWriter.lhs	174	9444452E
FILE	.\oldlib\Monoid.lhs	142	107E1100
FILE	.\oldlib\MVar.lhs	174	A3F565C3
FILE	.\oldlib\MyersStack.hs	10773	83C65724
FILE	.\oldlib\NativeInfo.hs	127	1809B036
FILE	.\oldlib\Number.hs	3871	88EE891E
FILE	.\oldlib\Observe.hs	71	926096D6
FILE	.\oldlib\PackedString.lhs	394	1031F77
FILE	.\oldlib\Parallel.lhs	161	6D2E7ADB
FILE	.\oldlib\Parsec.hs	172	9023EEF2
FILE	.\oldlib\ParsecChar.hs	191	B1EC4732
FILE	.\oldlib\ParsecCombinator.hs	215	448B906B
FILE	.\oldlib\ParsecError.hs	195	83872721
FILE	.\oldlib\ParsecExpr.hs	191	F9E45CD6
FILE	.\oldlib\ParsecLanguage.hs	207	E1C20766
FILE	.\oldlib\ParsecPerm.hs	191	C67BE7A2
FILE	.\oldlib\ParsecPos.hs	187	997548F7
FILE	.\oldlib\ParsecPrim.hs	191	66B92F91
FILE	.\oldlib\ParsecToken.hs	195	E9CD9CB9
FILE	.\oldlib\ParseLib.hs	6594	49F3CF1B
FILE	.\oldlib\PatriciaLoMap.hs	18104	209C075
FILE	.\oldlib\PosixDB.lhs	540	BCE5506E
FILE	.\oldlib\PosixFiles.lhs	2006	E4743025
FILE	.\oldlib\PosixIO.lhs	610	10DDB8ED
FILE	.\oldlib\PosixTTY.lhs	925	24B30377
FILE	.\oldlib\Pretty.lhs	184	A9AA895F
FILE	.\oldlib\QSem.lhs	174	F756865B
FILE	.\oldlib\QSemN.lhs	179	DD3D1F47
FILE	.\oldlib\QuickCheck.hs	137	C9203740
FILE	.\oldlib\QuickCheckPoly.hs	156	2E0DC90A
FILE	.\oldlib\QuickCheckUtils.hs	160	AB11C035
FILE	.\oldlib\Quote.hs	65	389426B2
FILE	.\oldlib\RandList.hs	12098	C1A29BC7
FILE	.\oldlib\RegexString.lhs	1181	2FF0C0C6
FILE	.\oldlib\RevSeq.hs	11939	BC8E69B5
FILE	.\oldlib\SampleVar.lhs	199	5A377DF4
FILE	.\oldlib\Semaphore.lhs	265	494AD184
FILE	.\oldlib\Sequence.hs	10061	E3C68C68
FILE	.\oldlib\SequenceDefaults.hs	12756	55690508
FILE	.\oldlib\ShowFunctions.hs	133	7A029620
FILE	.\oldlib\SimpleQueue.hs	8896	65F09D25
FILE	.\oldlib\SizedSeq.hs	11184	36C60E9F
FILE	.\oldlib\SkewHeap.hs	12232	7FA72D5D
FILE	.\oldlib\Socket.lhs	137	61E3C587
FILE	.\oldlib\SocketPrim.hs	131	56612E70
FILE	.\oldlib\SOEGraphics.hs	75	153CB7A0
FILE	.\oldlib\SplayHeap.hs	12723	C6FA6174
FILE	.\oldlib\ST.hs	202	727F32E1
FILE	.\oldlib\Stable.hs	243	ACC83928
FILE	.\oldlib\StableName.hs	157	5F03E92D
FILE	.\oldlib\StdLibs.hs	630	DF6EA88D
FILE	.\oldlib\StorableArray.hs	154	855A084A
FILE	.\oldlib\TestOrdBag.hs	6293	45501D73
FILE	.\oldlib\TestOrdSet.hs	7888	13B09502
FILE	.\oldlib\TestSeq.hs	6828	8A414347
FILE	.\oldlib\Trace.hs	67	261BA19F
FILE	.\oldlib\Trex.hs	62	8EE21127
FILE	.\oldlib\UnbalancedSet.hs	11397	A3AC57C2
FILE	.\oldlib\Unique.lhs	143	63160C32
FILE	.\oldlib\URI.hs	115	EA2445F9
FILE	.\oldlib\Weak.hs	133	E8AA3B9E
FILE	.\packages\base\Control\Applicative.hs	6272	38FF6611
FILE	.\packages\base\Control\Arrow.hs	8928	3F5705E2
FILE	.\packages\base\Control\Concurrent\Chan.hs	4910	587562AE
FILE	.\packages\base\Control\Concurrent\MVar.hs	3187	9B440073
FILE	.\packages\base\Control\Concurrent\QSem.hs	3011	F961DA16
FILE	.\packages\base\Control\Concurrent\QSemN.hs	2872	4CE94457
FILE	.\packages\base\Control\Concurrent\SampleVar.hs	3486	3EB0AC0E
FILE	.\packages\base\Control\Concurrent.hs	10041	22655C8F
FILE	.\packages\base\Control\Exception.hs	17475	108224DC
FILE	.\packages\base\Control\Monad\Fix.hs	2410	3F2148B8
FILE	.\packages\base\Control\Monad\Instances.hs	862	3C79E920
FILE	.\packages\base\Control\Monad\ST\Lazy.hs	1900	7F27726B
FILE	.\packages\base\Control\Monad\ST\Strict.hs	666	B8E1F79E
FILE	.\packages\base\Control\Monad\ST.hs	2521	E14C08CC
FILE	.\packages\base\Control\Monad.hs	9718	F98BED2F
FILE	.\packages\base\Control\Parallel.hs	1487	3619FCA4
FILE	.\packages\base\Data\Array\Base.hs	48903	316B011E
FILE	.\packages\base\Data\Array\Diff.hs	17032	A5697B0B
FILE	.\packages\base\Data\Array\IArray.hs	1975	5C00CE07
FILE	.\packages\base\Data\Array\IO\Internals.hs	12974	5ABA2633
FILE	.\packages\base\Data\Array\IO.hs	2711	8B5681A9
FILE	.\packages\base\Data\Array\MArray.hs	2199	45C77552
FILE	.\packages\base\Data\Array\ST.hs	2521	331B81F5
FILE	.\packages\base\Data\Array\Storable.hs	3553	5D4CA49B
FILE	.\packages\base\Data\Array\Unboxed.hs	739	3A293ACF
FILE	.\packages\base\Data\Array.hs	2913	7838471
FILE	.\packages\base\Data\Bits.hs	12431	B7D9197E
FILE	.\packages\base\Data\Bool.hs	760	925CE10F
FILE	.\packages\base\Data\ByteString\Base.c	6690	1F14FC53
FILE	.\packages\base\Data\ByteString\Base.dll	457529	48083BDC
FILE	.\packages\base\Data\ByteString\Base.hs	16264	F1C66422
FILE	.\packages\base\Data\ByteString\Char8.hs	38868	CB68B476
FILE	.\packages\base\Data\ByteString\Fusion.hs	22540	10AFAF38
FILE	.\packages\base\Data\ByteString\Lazy\Char8.hs	31437	431DC499
FILE	.\packages\base\Data\ByteString\Lazy.hs	52924	5936F4BD
FILE	.\packages\base\Data\ByteString.hs	70901	3005758A
FILE	.\packages\base\Data\Char.hs	7055	234199D0
FILE	.\packages\base\Data\Complex.hs	7871	FCD30607
FILE	.\packages\base\Data\Dynamic.hs	4905	9D778036
FILE	.\packages\base\Data\Either.hs	674	42B846F5
FILE	.\packages\base\Data\Eq.hs	526	63855003
FILE	.\packages\base\Data\Fixed.hs	4960	9DF18A21
FILE	.\packages\base\Data\Foldable.hs	9344	743F3734
FILE	.\packages\base\Data\FunctorM.hs	1398	92C526D4
FILE	.\packages\base\Data\Graph.hs	13429	4B265013
FILE	.\packages\base\Data\HashTable.hs	16057	C282E0DA
FILE	.\packages\base\Data\Int.hs	1706	4F73B8A
FILE	.\packages\base\Data\IntMap.hs	50456	D0F4FD2C
FILE	.\packages\base\Data\IntSet.hs	29911	A48541FD
FILE	.\packages\base\Data\IORef.hs	1887	B77F5C28
FILE	.\packages\base\Data\Ix.hs	2292	5AF24B32
FILE	.\packages\base\Data\List.hs	30864	B48ABDB9
FILE	.\packages\base\Data\Map.hs	67285	4871142D
FILE	.\packages\base\Data\Maybe.hs	3179	5C9D3BEC
FILE	.\packages\base\Data\Monoid.hs	4187	A7B5C4C8
FILE	.\packages\base\Data\Ord.hs	875	4AE19CE
FILE	.\packages\base\Data\PackedString.hs	14009	3E6B3AB7
FILE	.\packages\base\Data\Queue.hs	3642	295477E
FILE	.\packages\base\Data\Ratio.hs	3108	2C295709
FILE	.\packages\base\Data\Sequence.hs	37731	167CAD49
FILE	.\packages\base\Data\Set.hs	39033	EF87525C
FILE	.\packages\base\Data\STRef\Lazy.hs	1220	86754445
FILE	.\packages\base\Data\STRef\Strict.hs	645	9D6FB24E
FILE	.\packages\base\Data\STRef.hs	1842	9F34E86C
FILE	.\packages\base\Data\Traversable.hs	4718	169BEDBC
FILE	.\packages\base\Data\Tree.hs	5311	BA4D7CA1
FILE	.\packages\base\Data\Tuple.hs	1371	C01C4E82
FILE	.\packages\base\Data\Typeable.hs	21776	8CC2E216
FILE	.\packages\base\Data\Unique.hs	1731	98B6F9F5
FILE	.\packages\base\Data\Version.hs	5389	9B373AAA
FILE	.\packages\base\Data\Word.hs	1969	E21DC2D6
FILE	.\packages\base\Debug\Trace.hs	1764	20CA8DBC
FILE	.\packages\base\Foreign\C\Error.c	1936	E507210B
FILE	.\packages\base\Foreign\C\Error.dll	469340	1B81D1B2
FILE	.\packages\base\Foreign\C\Error.hs	26891	588BBD7C
FILE	.\packages\base\Foreign\C\String.hs	13348	8D23BADA
FILE	.\packages\base\Foreign\C\Types.hs	92253	95A729D7
FILE	.\packages\base\Foreign\C.hs	711	5F942F02
FILE	.\packages\base\Foreign\ForeignPtr.hs	5284	1F3C3293
FILE	.\packages\base\Foreign\Marshal\Alloc.c	2117	A639B5EC
FILE	.\packages\base\Foreign\Marshal\Alloc.dll	449749	140EBFAC
FILE	.\packages\base\Foreign\Marshal\Alloc.hs	6447	21F0611A
FILE	.\packages\base\Foreign\Marshal\Array.hs	8947	F5AD2D6B
FILE	.\packages\base\Foreign\Marshal\Error.hs	2544	8E16FF26
FILE	.\packages\base\Foreign\Marshal\Pool.hs	7200	900F3BCE
FILE	.\packages\base\Foreign\Marshal\Utils.c	1641	F1C364D1
FILE	.\packages\base\Foreign\Marshal\Utils.dll	449343	EA92459E
FILE	.\packages\base\Foreign\Marshal\Utils.hs	5595	2D02AFFD
FILE	.\packages\base\Foreign\Marshal.hs	880	1686B05A
FILE	.\packages\base\Foreign\Ptr.c	2497	2144C189
FILE	.\packages\base\Foreign\Ptr.dll	469729	74A3E461
FILE	.\packages\base\Foreign\Ptr.hs	21259	9A3BF8E1
FILE	.\packages\base\Foreign\StablePtr.hs	1711	665BD442
FILE	.\packages\base\Foreign\Storable.hs	23509	2DFD37B9
FILE	.\packages\base\Foreign.hs	1234	DBAC9828
FILE	.\packages\base\LICENSE	3881	44D105FC
FILE	.\packages\base\Numeric.hs	3334	D91C94D5
FILE	.\packages\base\Paths_base.hs	710	7772C794
FILE	.\packages\base\Prelude.hs	4294	A9B6A57D
FILE	.\packages\base\System\Cmd.hs	2469	A4CFBD56
FILE	.\packages\base\System\Console\GetOpt.hs	13627	BEAE08E1
FILE	.\packages\base\System\CPUTime.hs	1418	5467E3FA
FILE	.\packages\base\System\Directory\Internals.hs	6033	48CDE9B0
FILE	.\packages\base\System\Directory.c	1429	86306239
FILE	.\packages\base\System\Directory.dll	449157	9B948BDA
FILE	.\packages\base\System\Directory.hs	11595	1FE715E
FILE	.\packages\base\System\Environment.hs	1311	433257FB
FILE	.\packages\base\System\Exit.hs	2091	DBEAC9B8
FILE	.\packages\base\System\Info.hs	1724	68F56545
FILE	.\packages\base\System\IO\Error.hs	11182	A5415595
FILE	.\packages\base\System\IO\Unsafe.hs	759	732CF66C
FILE	.\packages\base\System\IO.hs	7615	BF3E9A5A
FILE	.\packages\base\System\Locale.hs	2736	70DEAE64
FILE	.\packages\base\System\Mem\StableName.hs	2176	72562F6F
FILE	.\packages\base\System\Mem\Weak.hs	5958	80AE762F
FILE	.\packages\base\System\Mem.hs	584	7BA1F140
FILE	.\packages\base\System\Posix\Internals.c	25221	3241B87D
FILE	.\packages\base\System\Posix\Internals.dll	869141	AF229EA1
FILE	.\packages\base\System\Posix\Internals.hs	23564	70916968
FILE	.\packages\base\System\Posix\Signals.hs	13332	9B84FA64
FILE	.\packages\base\System\Posix\Types.hs	32510	27FC7779
FILE	.\packages\base\System\Process\Internals.hs	14351	D1A305F4
FILE	.\packages\base\System\Random.hs	14553	FDB0DBAC
FILE	.\packages\base\System\Time.hs	19015	87E55385
FILE	.\packages\base\Text\ParserCombinators\ReadP.hs	15537	A5BE3CDE
FILE	.\packages\base\Text\ParserCombinators\ReadPrec.hs	4654	DF4D73A6
FILE	.\packages\base\Text\PrettyPrint\HughesPJ.hs	35159	AA72BC31
FILE	.\packages\base\Text\PrettyPrint.hs	749	FAD334B0
FILE	.\packages\base\Text\Printf.hs	8752	9D0C5182
FILE	.\packages\base\Text\Read\Lex.hs	12502	4B3103F4
FILE	.\packages\base\Text\Read.hs	1769	985388FB
FILE	.\packages\base\Text\Show\Functions.hs	719	28264F0E
FILE	.\packages\base\Text\Show.hs	1377	730E46AE
FILE	.\packages\Cabal\copyright	1672	DD400977
FILE	.\packages\Cabal\Distribution\Compat\Directory.hs	720	F9C683C9
FILE	.\packages\Cabal\Distribution\Compat\Exception.hs	164	FCD04643
FILE	.\packages\Cabal\Distribution\Compat\FilePath.hs	15048	158E69F1
FILE	.\packages\Cabal\Distribution\Compat\Map.hs	406	86222956
FILE	.\packages\Cabal\Distribution\Compat\RawSystem.hs	149	679D9D32
FILE	.\packages\Cabal\Distribution\Compat\ReadP.hs	3862	D66C344E
FILE	.\packages\Cabal\Distribution\Compiler.hs	10145	9F3E188B
FILE	.\packages\Cabal\Distribution\Extension.hs	2311	571B5B8A
FILE	.\packages\Cabal\Distribution\GetOpt.hs	3436	6910E311
FILE	.\packages\Cabal\Distribution\InstalledPackageInfo.hs	11561	CB1264D5
FILE	.\packages\Cabal\Distribution\License.hs	3401	A4A4B115
FILE	.\packages\Cabal\Distribution\Make.hs	7929	427F1A22
FILE	.\packages\Cabal\Distribution\Package.hs	3072	51B27103
FILE	.\packages\Cabal\Distribution\PackageDescription.hs	31692	48DDC944
FILE	.\packages\Cabal\Distribution\ParseUtils.hs	12414	D57C52A8
FILE	.\packages\Cabal\Distribution\PreProcess\Unlit.hs	4257	183FA7ED
FILE	.\packages\Cabal\Distribution\PreProcess.hs	13296	CF813FE
FILE	.\packages\Cabal\Distribution\Program.hs	11267	3F079C79
FILE	.\packages\Cabal\Distribution\Setup.hs	34223	95FD8DBC
FILE	.\packages\Cabal\Distribution\Simple\Build.hs	10414	E6A43CB9
FILE	.\packages\Cabal\Distribution\Simple\Configure.hs	18480	D16D9033
FILE	.\packages\Cabal\Distribution\Simple\GHC.hs	19307	3FC113F8
FILE	.\packages\Cabal\Distribution\Simple\GHCPackageConfig.hs	6090	1FDCFA0E
FILE	.\packages\Cabal\Distribution\Simple\Hugs.hs	15113	2233C1D3
FILE	.\packages\Cabal\Distribution\Simple\Install.hs	5329	E32D7E8E
FILE	.\packages\Cabal\Distribution\Simple\JHC.hs	5445	AB80CD8A
FILE	.\packages\Cabal\Distribution\Simple\LocalBuildInfo.c	1418	F0230F96
FILE	.\packages\Cabal\Distribution\Simple\LocalBuildInfo.dll	441597	58B165B6
FILE	.\packages\Cabal\Distribution\Simple\LocalBuildInfo.hs	11591	9CF12AB
FILE	.\packages\Cabal\Distribution\Simple\NHC.hs	2871	C578819C
FILE	.\packages\Cabal\Distribution\Simple\Register.hs	13342	BCD2722F
FILE	.\packages\Cabal\Distribution\Simple\SrcDist.hs	8005	A880BD2
FILE	.\packages\Cabal\Distribution\Simple\Utils.c	1073	F9CAC8D2
FILE	.\packages\Cabal\Distribution\Simple\Utils.dll	21610	AF49736C
FILE	.\packages\Cabal\Distribution\Simple\Utils.hs	17296	C066215E
FILE	.\packages\Cabal\Distribution\Simple.hs	31118	21F4AD23
FILE	.\packages\Cabal\Distribution\Version.hs	6816	4C31E5A8
FILE	.\packages\Cabal\Language\Haskell\Extension.hs	3143	D2916817
FILE	.\packages\Cabal\LICENSE	1520	C254B86D
FILE	.\packages\Cabal\Paths_Cabal.hs	732	D6AFC313
FILE	.\packages\cpphs\Language\Preprocessor\Cpphs\CppIfdef.hs	8699	BEF0E5FB
FILE	.\packages\cpphs\Language\Preprocessor\Cpphs\HashDefine.hs	4111	A85D3FBD
FILE	.\packages\cpphs\Language\Preprocessor\Cpphs\MacroPass.hs	5626	519A8AA4
FILE	.\packages\cpphs\Language\Preprocessor\Cpphs\Options.hs	1492	84A7D244
FILE	.\packages\cpphs\Language\Preprocessor\Cpphs\Position.hs	2595	13DCD7E1
FILE	.\packages\cpphs\Language\Preprocessor\Cpphs\ReadFirst.hs	2337	FB34DB14
FILE	.\packages\cpphs\Language\Preprocessor\Cpphs\RunCpphs.hs	1319	7E71FD0F
FILE	.\packages\cpphs\Language\Preprocessor\Cpphs\SymTab.hs	2507	ADECC888
FILE	.\packages\cpphs\Language\Preprocessor\Cpphs\Tokenise.hs	13460	B50810C3
FILE	.\packages\cpphs\Language\Preprocessor\Cpphs.hs	803	D4D6DF14
FILE	.\packages\cpphs\Language\Preprocessor\Unlit.hs	3418	8CFEAE52
FILE	.\packages\cpphs\Paths_cpphs.hs	714	192CDD9D
FILE	.\packages\cpphs\Text\ParserCombinators\HuttonMeijer.hs	7846	D3E0BD6C
FILE	.\packages\fgl\Data\Graph\Inductive\Basic.hs	4215	838B4071
FILE	.\packages\fgl\Data\Graph\Inductive\Example.hs	8102	803AF2C9
FILE	.\packages\fgl\Data\Graph\Inductive\Graph.hs	16535	87FE320D
FILE	.\packages\fgl\Data\Graph\Inductive\Graphviz.hs	2082	1B889693
FILE	.\packages\fgl\Data\Graph\Inductive\Internal\FiniteMap.hs	7700	78D3EC4
FILE	.\packages\fgl\Data\Graph\Inductive\Internal\Heap.hs	2636	52E4A9E6
FILE	.\packages\fgl\Data\Graph\Inductive\Internal\Queue.hs	734	39AC3C59
FILE	.\packages\fgl\Data\Graph\Inductive\Internal\RootPath.hs	1538	19C08217
FILE	.\packages\fgl\Data\Graph\Inductive\Internal\Thread.hs	4717	2FA4A243
FILE	.\packages\fgl\Data\Graph\Inductive\Monad\IOArray.hs	4023	1F90E5E6
FILE	.\packages\fgl\Data\Graph\Inductive\Monad.hs	6915	BE6AFD9D
FILE	.\packages\fgl\Data\Graph\Inductive\NodeMap.hs	8450	1BC40F04
FILE	.\packages\fgl\Data\Graph\Inductive\Query\ArtPoint.hs	6262	72486662
FILE	.\packages\fgl\Data\Graph\Inductive\Query\BCC.hs	2716	A34868D6
FILE	.\packages\fgl\Data\Graph\Inductive\Query\BFS.hs	4184	DD6EB4F1
FILE	.\packages\fgl\Data\Graph\Inductive\Query\DFS.hs	6351	891342D5
FILE	.\packages\fgl\Data\Graph\Inductive\Query\Dominators.hs	1192	E621AA5C
FILE	.\packages\fgl\Data\Graph\Inductive\Query\GVD.hs	1647	A8667BB6
FILE	.\packages\fgl\Data\Graph\Inductive\Query\Indep.hs	691	7266F7B1
FILE	.\packages\fgl\Data\Graph\Inductive\Query\MaxFlow.hs	6111	80209F90
FILE	.\packages\fgl\Data\Graph\Inductive\Query\MaxFlow2.hs	9938	AD90006A
FILE	.\packages\fgl\Data\Graph\Inductive\Query\Monad.hs	8193	11B4004C
FILE	.\packages\fgl\Data\Graph\Inductive\Query\MST.hs	1365	23E9AF55
FILE	.\packages\fgl\Data\Graph\Inductive\Query\SP.hs	1146	931BC979
FILE	.\packages\fgl\Data\Graph\Inductive\Query\TransClos.hs	696	40597935
FILE	.\packages\fgl\Data\Graph\Inductive\Query.hs	1186	4F22922E
FILE	.\packages\fgl\Data\Graph\Inductive\Tree.hs	3225	1380965D
FILE	.\packages\fgl\Data\Graph\Inductive.hs	1093	BBEAFC49
FILE	.\packages\fgl\LICENSE	1492	70DBD79C
FILE	.\packages\fgl\Paths_fgl.hs	706	AFF3E905
FILE	.\packages\haskell-src\Language\Haskell\Lexer.hs	13540	E869AA95
FILE	.\packages\haskell-src\Language\Haskell\ParseMonad.hs	7576	BC1432A0
FILE	.\packages\haskell-src\Language\Haskell\Parser.hs	226525	A9300F40
FILE	.\packages\haskell-src\Language\Haskell\ParseUtils.hs	11063	80195FF9
FILE	.\packages\haskell-src\Language\Haskell\Pretty.hs	24792	B5305EE4
FILE	.\packages\haskell-src\Language\Haskell\Syntax.hs	15027	DBB1AF1E
FILE	.\packages\haskell-src\LICENSE	1611	771CDD0A
FILE	.\packages\haskell-src\Paths_haskell_src.hs	738	1A88C718
FILE	.\packages\haskell98\Array.hs	216	C00C7052
FILE	.\packages\haskell98\Bits.hs	58	A8B22CF1
FILE	.\packages\haskell98\CError.hs	70	1C0CDD30
FILE	.\packages\haskell98\CForeign.hs	62	4942FB46
FILE	.\packages\haskell98\Char.hs	344	F057621B
FILE	.\packages\haskell98\Complex.hs	148	24E14ACF
FILE	.\packages\haskell98\CPUTime.hs	89	BBBB2BAA
FILE	.\packages\haskell98\CString.hs	73	882BCA3C
FILE	.\packages\haskell98\CTypes.hs	70	BE94C102
FILE	.\packages\haskell98\Directory.hs	394	1B47A4D3
FILE	.\packages\haskell98\ForeignPtr.hs	80	50C46B0E
FILE	.\packages\haskell98\Int.hs	55	3F7BF7BB
FILE	.\packages\haskell98\IO.hs	2220	34F78DD
FILE	.\packages\haskell98\Ix.hs	84	875D046D
FILE	.\packages\haskell98\LICENSE	1377	E479C83A
FILE	.\packages\haskell98\List.hs	1160	E780DCB
FILE	.\packages\haskell98\Locale.hs	269	4703DA2F
FILE	.\packages\haskell98\MarshalAlloc.hs	88	F46B25B6
FILE	.\packages\haskell98\MarshalArray.hs	88	60606440
FILE	.\packages\haskell98\MarshalError.hs	348	2311C00B
FILE	.\packages\haskell98\MarshalUtils.hs	88	FAC0597E
FILE	.\packages\haskell98\Maybe.hs	230	F4AE23CF
FILE	.\packages\haskell98\Monad.hs	377	890CAC85
FILE	.\packages\haskell98\Paths_haskell98.hs	730	9B5E548A
FILE	.\packages\haskell98\Ptr.hs	59	53D82C83
FILE	.\packages\haskell98\Random.hs	236	A4E19F32
FILE	.\packages\haskell98\Ratio.hs	114	53704969
FILE	.\packages\haskell98\StablePtr.hs	77	2FF92AD7
FILE	.\packages\haskell98\Storable.hs	74	391C4357
FILE	.\packages\haskell98\System.hs	201	D6E9E582
FILE	.\packages\haskell98\Time.hs	616	AEFFCEAB
FILE	.\packages\haskell98\Word.hs	58	7A8EC6A3
FILE	.\packages\HaXml\COPYRIGHT	1497	B430A49A
FILE	.\packages\HaXml\LICENCE-GPL	17988	3E14B52C
FILE	.\packages\HaXml\LICENCE-LGPL	26518	E9ED61F4
FILE	.\packages\HaXml\Paths_HaXml.hs	717	2E37FBA8
FILE	.\packages\HaXml\programs\Canonicalise\Main.hs	985	3E82144D
FILE	.\packages\HaXml\programs\Canonicalise\Paths_HaXml.hs	717	2E37FBA8
FILE	.\packages\HaXml\programs\CanonicaliseLazy\Main.hs	1116	AE0EB8D5
FILE	.\packages\HaXml\programs\CanonicaliseLazy\Paths_HaXml.hs	717	2E37FBA8
FILE	.\packages\HaXml\programs\DtdToHaskell\Main.hs	2428	4FA4253E
FILE	.\packages\HaXml\programs\DtdToHaskell\Paths_HaXml.hs	717	2E37FBA8
FILE	.\packages\HaXml\programs\MkOneOf\Main.hs	3559	B641070
FILE	.\packages\HaXml\programs\MkOneOf\Paths_HaXml.hs	717	2E37FBA8
FILE	.\packages\HaXml\programs\Validate\Main.hs	888	2674E3EA
FILE	.\packages\HaXml\programs\Validate\Paths_HaXml.hs	717	2E37FBA8
FILE	.\packages\HaXml\programs\Xtract\Main.hs	2113	C0E035AA
FILE	.\packages\HaXml\programs\Xtract\Paths_HaXml.hs	717	2E37FBA8
FILE	.\packages\HaXml\programs\XtractLazy\Main.hs	2113	C9AEC58E
FILE	.\packages\HaXml\programs\XtractLazy\Paths_HaXml.hs	717	2E37FBA8
FILE	.\packages\HaXml\Text\ParserCombinators\HuttonMeijer.hs	7873	C2A69AE6
FILE	.\packages\HaXml\Text\ParserCombinators\HuttonMeijerWallace.hs	12905	294BC4F2
FILE	.\packages\HaXml\Text\ParserCombinators\Poly.hs	10351	C09E1FCD
FILE	.\packages\HaXml\Text\ParserCombinators\PolyLazy.hs	11115	F799B10E
FILE	.\packages\HaXml\Text\ParserCombinators\PolyState.hs	10974	6A03541A
FILE	.\packages\HaXml\Text\ParserCombinators\PolyStateLazy.hs	12104	A58F663C
FILE	.\packages\HaXml\Text\ParserCombinators\TextParser.hs	7254	901718FE
FILE	.\packages\HaXml\Text\XML\HaXml\Combinators.hs	14138	B6276A37
FILE	.\packages\HaXml\Text\XML\HaXml\DtdToHaskell\Convert.hs	5244	AF5EBA84
FILE	.\packages\HaXml\Text\XML\HaXml\DtdToHaskell\Instance.hs	16484	CFD2575B
FILE	.\packages\HaXml\Text\XML\HaXml\DtdToHaskell\TypeDef.hs	8727	D1C8A10A
FILE	.\packages\HaXml\Text\XML\HaXml\Escape.hs	9662	84CDD132
FILE	.\packages\HaXml\Text\XML\HaXml\Html\Generate.hs	5672	302D5CFE
FILE	.\packages\HaXml\Text\XML\HaXml\Html\Parse.hs	24110	2A98CCE1
FILE	.\packages\HaXml\Text\XML\HaXml\Html\ParseLazy.hs	24244	862C1BFF
FILE	.\packages\HaXml\Text\XML\HaXml\Html\Pretty.hs	10607	FB453C95
FILE	.\packages\HaXml\Text\XML\HaXml\Lex.hs	15210	D96F844C
FILE	.\packages\HaXml\Text\XML\HaXml\OneOfN.hs	28789	D0CC5B5B
FILE	.\packages\HaXml\Text\XML\HaXml\Parse.hs	30728	7B7CCC53
FILE	.\packages\HaXml\Text\XML\HaXml\ParseLazy.hs	31139	1F61C1A9
FILE	.\packages\HaXml\Text\XML\HaXml\Posn.hs	2248	6F1C018D
FILE	.\packages\HaXml\Text\XML\HaXml\Pretty.hs	11637	58E22AE3
FILE	.\packages\HaXml\Text\XML\HaXml\SAX.hs	3365	50C91C49
FILE	.\packages\HaXml\Text\XML\HaXml\ShowXmlLazy.hs	12167	DF192F09
FILE	.\packages\HaXml\Text\XML\HaXml\TypeMapping.hs	9115	645F7D0B
FILE	.\packages\HaXml\Text\XML\HaXml\Types.hs	7789	D05D9A6A
FILE	.\packages\HaXml\Text\XML\HaXml\Validate.hs	11498	D4B1FCD8
FILE	.\packages\HaXml\Text\XML\HaXml\Verbatim.hs	3654	1768229D
FILE	.\packages\HaXml\Text\XML\HaXml\Wrappers.hs	2414	73B1E45
FILE	.\packages\HaXml\Text\XML\HaXml\XmlContent.hs	25386	64715CD1
FILE	.\packages\HaXml\Text\XML\HaXml\Xtract\Combinators.hs	3024	C807028
FILE	.\packages\HaXml\Text\XML\HaXml\Xtract\Lex.hs	4678	FE6B037A
FILE	.\packages\HaXml\Text\XML\HaXml\Xtract\Parse.hs	11949	3D2F6333
FILE	.\packages\HaXml\Text\XML\HaXml.hs	1152	FDC540A4
FILE	.\packages\HGL\Graphics\HGL\Core.hs	821	310C704A
FILE	.\packages\HGL\Graphics\HGL\Draw\Brush.hs	3648	16272908
FILE	.\packages\HGL\Graphics\HGL\Draw\Font.hs	4960	B3C7787F
FILE	.\packages\HGL\Graphics\HGL\Draw\Monad.hs	809	EB3A2C8
FILE	.\packages\HGL\Graphics\HGL\Draw\Pen.hs	4080	E1463CEB
FILE	.\packages\HGL\Graphics\HGL\Draw\Picture.hs	5537	67321B22
FILE	.\packages\HGL\Graphics\HGL\Draw\Region.hs	5720	63EDCA72
FILE	.\packages\HGL\Graphics\HGL\Draw\Text.hs	6100	DCEB066D
FILE	.\packages\HGL\Graphics\HGL\Draw.hs	1524	6D7DEC37
FILE	.\packages\HGL\Graphics\HGL\Internals\Draw.hs	4238	7ECD3211
FILE	.\packages\HGL\Graphics\HGL\Internals\Event.hs	3333	88E80EE9
FILE	.\packages\HGL\Graphics\HGL\Internals\Events.hs	2421	BEF683FC
FILE	.\packages\HGL\Graphics\HGL\Internals\Flag.hs	1804	3E07A948
FILE	.\packages\HGL\Graphics\HGL\Internals\Types.hs	4532	F67595A5
FILE	.\packages\HGL\Graphics\HGL\Internals\Utilities.hs	1419	D0C1D4B5
FILE	.\packages\HGL\Graphics\HGL\Key.hs	7703	54AC07F1
FILE	.\packages\HGL\Graphics\HGL\Run.hs	3141	B75580FF
FILE	.\packages\HGL\Graphics\HGL\Units.hs	595	607D1AE5
FILE	.\packages\HGL\Graphics\HGL\Utils.hs	10079	97C0390
FILE	.\packages\HGL\Graphics\HGL\Win32\Bitmap.hs	5923	783F8F4A
FILE	.\packages\HGL\Graphics\HGL\Win32\Draw.hs	5661	3BBCC4FC
FILE	.\packages\HGL\Graphics\HGL\Win32\Types.hs	1959	8B7495F3
FILE	.\packages\HGL\Graphics\HGL\Win32\WND.hs	10644	EBDD11F2
FILE	.\packages\HGL\Graphics\HGL\Window.hs	6908	151C2677
FILE	.\packages\HGL\Graphics\HGL.hs	3140	F725796D
FILE	.\packages\HGL\Graphics\SOE.hs	8510	E028D44C
FILE	.\packages\HGL\LICENSE	1384	72BD0BF5
FILE	.\packages\HGL\Paths_HGL.hs	706	4ABFA742
FILE	.\packages\hugsbase\Hugs\Array.hs	3873	AD00A527
FILE	.\packages\hugsbase\Hugs\Bits.hs	363	FB35BC47
FILE	.\packages\hugsbase\Hugs\ByteArray.hs	3233	189EEFAD
FILE	.\packages\hugsbase\Hugs\Char.hs	1563	B896EE4F
FILE	.\packages\hugsbase\Hugs\ConcBase.hs	5687	F9FB568D
FILE	.\packages\hugsbase\Hugs\CVHAssert.hs	3474	9A88A53D
FILE	.\packages\hugsbase\Hugs\Directory.hs	3010	AE90B155
FILE	.\packages\hugsbase\Hugs\Dynamic.hs	326	4DFD7709
FILE	.\packages\hugsbase\Hugs\Exception.hs	2412	DE1FAA50
FILE	.\packages\hugsbase\Hugs\ForeignPtr.hs	1250	BE4DF6C
FILE	.\packages\hugsbase\Hugs\GenericPrint.hs	9982	50D1A2EC
FILE	.\packages\hugsbase\Hugs\Int.hs	12740	2A36B3A5
FILE	.\packages\hugsbase\Hugs\Internals.hs	7821	E1C0EED3
FILE	.\packages\hugsbase\Hugs\IO.hs	5149	231F55FE
FILE	.\packages\hugsbase\Hugs\IOArray.hs	2627	482EC22B
FILE	.\packages\hugsbase\Hugs\IOExts.hs	3226	420FA896
FILE	.\packages\hugsbase\Hugs\IORef.hs	574	76B5FC49
FILE	.\packages\hugsbase\Hugs\LazyST.hs	2005	47E8D5AC
FILE	.\packages\hugsbase\Hugs\Memo.hs	4872	3762CC19
FILE	.\packages\hugsbase\Hugs\Numeric.hs	10634	E06854E4
FILE	.\packages\hugsbase\Hugs\Observe.hs	178	D7BAD53A
FILE	.\packages\hugsbase\Hugs\Prelude.hs	67375	2CC225D6
FILE	.\packages\hugsbase\Hugs\Ptr.hs	2471	AE3578A4
FILE	.\packages\hugsbase\Hugs\Quote.hs	1598	756126FF
FILE	.\packages\hugsbase\Hugs\ST.hs	4731	E96DF478
FILE	.\packages\hugsbase\Hugs\Stable.hs	344	ADBC668C
FILE	.\packages\hugsbase\Hugs\StablePtr.hs	436	E588A73F
FILE	.\packages\hugsbase\Hugs\Storable.c	14938	ED14615F
FILE	.\packages\hugsbase\Hugs\Storable.dll	45589	E2ED4579
FILE	.\packages\hugsbase\Hugs\Storable.hs	3954	45AE9C9D
FILE	.\packages\hugsbase\Hugs\System.hs	1829	95A6C0BE
FILE	.\packages\hugsbase\Hugs\Time.hs	805	4C13AA2D
FILE	.\packages\hugsbase\Hugs\Trex.hs	1928	12BF437A
FILE	.\packages\hugsbase\Hugs\Weak.hs	2033	CB10D63D
FILE	.\packages\hugsbase\Hugs\Word.hs	15872	79CA1A43
FILE	.\packages\hugsbase\Hugs.hs	76	E3AA3853
FILE	.\packages\hugsbase\Paths_hugsbase.hs	726	588B97A1
FILE	.\packages\HUnit\LICENSE	1492	19CB993E
FILE	.\packages\HUnit\Paths_HUnit.hs	714	F7334153
FILE	.\packages\HUnit\Test\HUnit\Base.lhs	6880	2DB23511
FILE	.\packages\HUnit\Test\HUnit\Lang.lhs	1847	D1C65731
FILE	.\packages\HUnit\Test\HUnit\Terminal.lhs	1293	2E7E22AA
FILE	.\packages\HUnit\Test\HUnit\Text.lhs	5276	36851F4C
FILE	.\packages\HUnit\Test\HUnit.lhs	196	FE17E234
FILE	.\packages\mtl\Control\Monad\Cont.hs	3786	FB78C97B
FILE	.\packages\mtl\Control\Monad\Error.hs	6581	23757C9A
FILE	.\packages\mtl\Control\Monad\Identity.hs	1729	737A9926
FILE	.\packages\mtl\Control\Monad\List.hs	2416	5987FA7A
FILE	.\packages\mtl\Control\Monad\Reader.hs	3980	C139614F
FILE	.\packages\mtl\Control\Monad\RWS.hs	4969	46A27920
FILE	.\packages\mtl\Control\Monad\State.hs	10847	917B66A2
FILE	.\packages\mtl\Control\Monad\Trans.hs	1278	84A30740
FILE	.\packages\mtl\Control\Monad\Writer.hs	5389	A968EDEB
FILE	.\packages\mtl\LICENSE	1611	771CDD0A
FILE	.\packages\mtl\Paths_mtl.hs	706	F50519DB
FILE	.\packages\network\LICENSE	1611	474EAAFA
FILE	.\packages\network\Network\BSD.c	3871	82A57E30
FILE	.\packages\network\Network\BSD.dll	385214	2A47BFC8
FILE	.\packages\network\Network\BSD.hs	16666	1ED20EF5
FILE	.\packages\network\Network\Socket.c	12609	2592CCDE
FILE	.\packages\network\Network\Socket.dll	736265	76D8C59A
FILE	.\packages\network\Network\Socket.hs	57388	26E50E9E
FILE	.\packages\network\Network\URI.hs	41972	D09A664A
FILE	.\packages\network\Network.hs	8695	A5820B20
FILE	.\packages\network\Paths_network.hs	722	AC16BBFB
FILE	.\packages\OpenGL\Graphics\Rendering\OpenGL\GL\Antialiasing.hs	1606	885A91EA
FILE	.\packages\OpenGL\Graphics\Rendering\OpenGL\GL\BasicTypes.hs	5029	382C4B53
FILE	.\packages\OpenGL\Graphics\Rendering\OpenGL\GL\BeginEnd.c	1982	36B9375D
FILE	.\packages\OpenGL\Graphics\Rendering\OpenGL\GL\BeginEnd.dll	395976	47AB6956
FILE	.\packages\OpenGL\Graphics\Rendering\OpenGL\GL\BeginEnd.hs	7571	F71D21F8
FILE	.\packages\OpenGL\Graphics\Rendering\OpenGL\GL\Bitmaps.c	1437	60501652
FILE	.\packages\OpenGL\Graphics\Rendering\OpenGL\GL\Bitmaps.dll	395495	1DC6CCEA
FILE	.\packages\OpenGL\Graphics\Rendering\OpenGL\GL\Bitmaps.hs	1241	B4C35105
FILE	.\packages\OpenGL\Graphics\Rendering\OpenGL\GL\BlendingFactor.hs	2304	6F7FF053
FILE	.\packages\OpenGL\Graphics\Rendering\OpenGL\GL\BufferMode.hs	3711	BB29DCD0
FILE	.\packages\OpenGL\Graphics\Rendering\OpenGL\GL\BufferObjects.c	6149	2B59B768
FILE	.\packages\OpenGL\Graphics\Rendering\OpenGL\GL\BufferObjects.dll	398624	9F95CA22
FILE	.\packages\OpenGL\Graphics\Rendering\OpenGL\GL\BufferObjects.hs	16986	9DDB32AB
FILE	.\packages\OpenGL\Graphics\Rendering\OpenGL\GL\Capability.c	1841	BD38BED4
FILE	.\packages\OpenGL\Graphics\Rendering\OpenGL\GL\Capability.dll	395967	AA2393C1
FILE	.\packages\OpenGL\Graphics\Rendering\OpenGL\GL\Capability.hs	8412	9BF5EDB8
FILE	.\packages\OpenGL\Graphics\Rendering\OpenGL\GL\Clipping.c	1183	B2D31692
FILE	.\packages\OpenGL\Graphics\Rendering\OpenGL\GL\Clipping.dll	394990	E8602910
FILE	.\packages\OpenGL\Graphics\Rendering\OpenGL\GL\Clipping.hs	2333	C955E943
FILE	.\packages\OpenGL\Graphics\Rendering\OpenGL\GL\Colors.c	9177	75B19A4
FILE	.\packages\OpenGL\Graphics\Rendering\OpenGL\GL\Colors.dll	403950	835940A1
FILE	.\packages\OpenGL\Graphics\Rendering\OpenGL\GL\Colors.hs	17876	ED6420FA
FILE	.\packages\OpenGL\Graphics\Rendering\OpenGL\GL\ColorSum.hs	981	67143B46
FILE	.\packages\OpenGL\Graphics\Rendering\OpenGL\GL\ComparisonFunction.hs	1657	C415BFE2
FILE	.\packages\OpenGL\Graphics\Rendering\OpenGL\GL\CoordTrans.c	12004	CC5C9A16
FILE	.\packages\OpenGL\Graphics\Rendering\OpenGL\GL\CoordTrans.dll	409983	DE55E921
FILE	.\packages\OpenGL\Graphics\Rendering\OpenGL\GL\CoordTrans.hs	30722	7DC9E9F0
FILE	.\packages\OpenGL\Graphics\Rendering\OpenGL\GL\DataType.hs	3264	49D24CFE
FILE	.\packages\OpenGL\Graphics\Rendering\OpenGL\GL\DisplayLists.c	3758	596507FE
FILE	.\packages\OpenGL\Graphics\Rendering\OpenGL\GL\DisplayLists.dll	399208	321323C7
FILE	.\packages\OpenGL\Graphics\Rendering\OpenGL\GL\DisplayLists.hs	6329	82EC9C94
FILE	.\packages\OpenGL\Graphics\Rendering\OpenGL\GL\EdgeFlag.hs	1334	B759E748
FILE	.\packages\OpenGL\Graphics\Rendering\OpenGL\GL\Evaluators.c	11886	83003616
FILE	.\packages\OpenGL\Graphics\Rendering\OpenGL\GL\Evaluators.dll	409536	4B14DA25
FILE	.\packages\OpenGL\Graphics\Rendering\OpenGL\GL\Evaluators.hs	27252	44DFA113
FILE	.\packages\OpenGL\Graphics\Rendering\OpenGL\GL\Exception.hs	1221	227A8ED5
FILE	.\packages\OpenGL\Graphics\Rendering\OpenGL\GL\Extensions.c	1255	4CB10844
FILE	.\packages\OpenGL\Graphics\Rendering\OpenGL\GL\Extensions.dll	735737	FF0DFF33
FILE	.\packages\OpenGL\Graphics\Rendering\OpenGL\GL\Extensions.hs	1499	F76589C2
FILE	.\packages\OpenGL\Graphics\Rendering\OpenGL\GL\Face.hs	1174	E05702D3
FILE	.\packages\OpenGL\Graphics\Rendering\OpenGL\GL\Feedback.c	1621	A9E91AD2
FILE	.\packages\OpenGL\Graphics\Rendering\OpenGL\GL\Feedback.dll	395765	33407DBB
FILE	.\packages\OpenGL\Graphics\Rendering\OpenGL\GL\Feedback.hs	7315	7AE7579F
FILE	.\packages\OpenGL\Graphics\Rendering\OpenGL\GL\FlushFinish.c	1324	F7BEAA3F
FILE	.\packages\OpenGL\Graphics\Rendering\OpenGL\GL\FlushFinish.dll	395209	D461249E
FILE	.\packages\OpenGL\Graphics\Rendering\OpenGL\GL\FlushFinish.hs	2029	17A8FAF
FILE	.\packages\OpenGL\Graphics\Rendering\OpenGL\GL\Fog.c	1894	FF08A9C
FILE	.\packages\OpenGL\Graphics\Rendering\OpenGL\GL\Fog.dll	395940	E4C09CC2
FILE	.\packages\OpenGL\Graphics\Rendering\OpenGL\GL\Fog.hs	6272	A7928FF4
FILE	.\packages\OpenGL\Graphics\Rendering\OpenGL\GL\Framebuffer.c	5486	54A0199D
FILE	.\packages\OpenGL\Graphics\Rendering\OpenGL\GL\Framebuffer.dll	400716	B7FE8FE6
FILE	.\packages\OpenGL\Graphics\Rendering\OpenGL\GL\Framebuffer.hs	16964	E16EF55B
FILE	.\packages\OpenGL\Graphics\Rendering\OpenGL\GL\GLboolean.hs	887	4C98AD1B
FILE	.\packages\OpenGL\Graphics\Rendering\OpenGL\GL\Hints.c	1156	323D45A0
FILE	.\packages\OpenGL\Graphics\Rendering\OpenGL\GL\Hints.dll	394975	D945C4F1
FILE	.\packages\OpenGL\Graphics\Rendering\OpenGL\GL\Hints.hs	2995	F1DE9A42
FILE	.\packages\OpenGL\Graphics\Rendering\OpenGL\GL\IOState.hs	1927	8F38FC3A
FILE	.\packages\OpenGL\Graphics\Rendering\OpenGL\GL\LineSegments.c	1546	5CE65A97
FILE	.\packages\OpenGL\Graphics\Rendering\OpenGL\GL\LineSegments.dll	395748	EFA87E2B
FILE	.\packages\OpenGL\Graphics\Rendering\OpenGL\GL\LineSegments.hs	7423	881B3D56
FILE	.\packages\OpenGL\Graphics\Rendering\OpenGL\GL\PeekPoke.hs	2491	CCA179BE
FILE	.\packages\OpenGL\Graphics\Rendering\OpenGL\GL\PerFragment.c	9556	A049DE87
FILE	.\packages\OpenGL\Graphics\Rendering\OpenGL\GL\PerFragment.dll	404076	8111A917
FILE	.\packages\OpenGL\Graphics\Rendering\OpenGL\GL\PerFragment.hs	23849	CAC478E8
FILE	.\packages\OpenGL\Graphics\Rendering\OpenGL\GL\PixelData.hs	1244	14AAEF1
FILE	.\packages\OpenGL\Graphics\Rendering\OpenGL\GL\PixelFormat.hs	2581	60A7587B
FILE	.\packages\OpenGL\Graphics\Rendering\OpenGL\GL\PixelRectangles\ColorTable.c	5756	17E5614F
FILE	.\packages\OpenGL\Graphics\Rendering\OpenGL\GL\PixelRectangles\ColorTable.dll	397491	4C76C3A
FILE	.\packages\OpenGL\Graphics\Rendering\OpenGL\GL\PixelRectangles\ColorTable.hs	15128	E6073700
FILE	.\packages\OpenGL\Graphics\Rendering\OpenGL\GL\PixelRectangles\Convolution.c	8120	9A591174
FILE	.\packages\OpenGL\Graphics\Rendering\OpenGL\GL\PixelRectangles\Convolution.dll	399648	27457C83
FILE	.\packages\OpenGL\Graphics\Rendering\OpenGL\GL\PixelRectangles\Convolution.hs	18752	7836DE56
FILE	.\packages\OpenGL\Graphics\Rendering\OpenGL\GL\PixelRectangles\Histogram.c	2913	1EBD93FC
FILE	.\packages\OpenGL\Graphics\Rendering\OpenGL\GL\PixelRectangles\Histogram.dll	395299	FBB52361
FILE	.\packages\OpenGL\Graphics\Rendering\OpenGL\GL\PixelRectangles\Histogram.hs	8326	2AF9979C
FILE	.\packages\OpenGL\Graphics\Rendering\OpenGL\GL\PixelRectangles\Minmax.c	2820	BBD6876D
FILE	.\packages\OpenGL\Graphics\Rendering\OpenGL\GL\PixelRectangles\Minmax.dll	395299	A99A3571
FILE	.\packages\OpenGL\Graphics\Rendering\OpenGL\GL\PixelRectangles\Minmax.hs	6387	4059CEAF
FILE	.\packages\OpenGL\Graphics\Rendering\OpenGL\GL\PixelRectangles\PixelMap.c	3443	D0435690
FILE	.\packages\OpenGL\Graphics\Rendering\OpenGL\GL\PixelRectangles\PixelMap.dll	397789	3B004DB6
FILE	.\packages\OpenGL\Graphics\Rendering\OpenGL\GL\PixelRectangles\PixelMap.hs	11673	3929C2CA
FILE	.\packages\OpenGL\Graphics\Rendering\OpenGL\GL\PixelRectangles\PixelStorage.c	1204	A98D8914
FILE	.\packages\OpenGL\Graphics\Rendering\OpenGL\GL\PixelRectangles\PixelStorage.dll	394996	A1B11EBC
FILE	.\packages\OpenGL\Graphics\Rendering\OpenGL\GL\PixelRectangles\PixelStorage.hs	4727	CEAC7725
FILE	.\packages\OpenGL\Graphics\Rendering\OpenGL\GL\PixelRectangles\PixelTransfer.c	1653	FD0ED4F1
FILE	.\packages\OpenGL\Graphics\Rendering\OpenGL\GL\PixelRectangles\PixelTransfer.dll	395772	D0B36660
FILE	.\packages\OpenGL\Graphics\Rendering\OpenGL\GL\PixelRectangles\PixelTransfer.hs	9340	12F783F1
FILE	.\packages\OpenGL\Graphics\Rendering\OpenGL\GL\PixelRectangles\Rasterization.c	1760	314748DA
FILE	.\packages\OpenGL\Graphics\Rendering\OpenGL\GL\PixelRectangles\Rasterization.dll	395747	B7507CCF
FILE	.\packages\OpenGL\Graphics\Rendering\OpenGL\GL\PixelRectangles\Rasterization.hs	1917	DCB6BD09
FILE	.\packages\OpenGL\Graphics\Rendering\OpenGL\GL\PixelRectangles\Reset.hs	1014	FCEEA19
FILE	.\packages\OpenGL\Graphics\Rendering\OpenGL\GL\PixelRectangles\Sink.hs	1157	5AAC7679
FILE	.\packages\OpenGL\Graphics\Rendering\OpenGL\GL\PixelRectangles.hs	1677	70CB4074
FILE	.\packages\OpenGL\Graphics\Rendering\OpenGL\GL\PointParameter.c	1660	1353D36
FILE	.\packages\OpenGL\Graphics\Rendering\OpenGL\GL\PointParameter.dll	394715	E3E41468
FILE	.\packages\OpenGL\Graphics\Rendering\OpenGL\GL\PointParameter.hs	3493	DBCF26B8
FILE	.\packages\OpenGL\Graphics\Rendering\OpenGL\GL\Points.c	1128	3AFC6C1D
FILE	.\packages\OpenGL\Graphics\Rendering\OpenGL\GL\Points.dll	394990	D0AA9EE4
FILE	.\packages\OpenGL\Graphics\Rendering\OpenGL\GL\Points.hs	9896	B2334E3D
FILE	.\packages\OpenGL\Graphics\Rendering\OpenGL\GL\PolygonMode.hs	1254	C479072
FILE	.\packages\OpenGL\Graphics\Rendering\OpenGL\GL\Polygons.c	2718	359817A2
FILE	.\packages\OpenGL\Graphics\Rendering\OpenGL\GL\Polygons.dll	397540	F04AA860
FILE	.\packages\OpenGL\Graphics\Rendering\OpenGL\GL\Polygons.hs	6561	15B05A65
FILE	.\packages\OpenGL\Graphics\Rendering\OpenGL\GL\PrimitiveMode.hs	4064	388AE372
FILE	.\packages\OpenGL\Graphics\Rendering\OpenGL\GL\QueryUtils.c	2403	B09C383B
FILE	.\packages\OpenGL\Graphics\Rendering\OpenGL\GL\QueryUtils.dll	397261	3DA99625
FILE	.\packages\OpenGL\Graphics\Rendering\OpenGL\GL\QueryUtils.hs	30149	339253D6
FILE	.\packages\OpenGL\Graphics\Rendering\OpenGL\GL\RasterPos.c	17276	594716A
FILE	.\packages\OpenGL\Graphics\Rendering\OpenGL\GL\RasterPos.dll	415650	7E29086C
FILE	.\packages\OpenGL\Graphics\Rendering\OpenGL\GL\RasterPos.hs	21595	1C2B2CC5
FILE	.\packages\OpenGL\Graphics\Rendering\OpenGL\GL\ReadCopyPixels.c	2394	BC86C3B6
FILE	.\packages\OpenGL\Graphics\Rendering\OpenGL\GL\ReadCopyPixels.dll	397019	70048BF0
FILE	.\packages\OpenGL\Graphics\Rendering\OpenGL\GL\ReadCopyPixels.hs	2893	3BE94D6D
FILE	.\packages\OpenGL\Graphics\Rendering\OpenGL\GL\Rectangles.c	4221	FF2F9B79
FILE	.\packages\OpenGL\Graphics\Rendering\OpenGL\GL\Rectangles.dll	399154	D9891129
FILE	.\packages\OpenGL\Graphics\Rendering\OpenGL\GL\Rectangles.hs	7680	D35DADC1
FILE	.\packages\OpenGL\Graphics\Rendering\OpenGL\GL\RenderMode.c	1187	8EF5B05C
FILE	.\packages\OpenGL\Graphics\Rendering\OpenGL\GL\RenderMode.dll	394993	EB1A088B
FILE	.\packages\OpenGL\Graphics\Rendering\OpenGL\GL\RenderMode.hs	2185	DC26EA87
FILE	.\packages\OpenGL\Graphics\Rendering\OpenGL\GL\SavingState.c	2144	CBAC3C7E
FILE	.\packages\OpenGL\Graphics\Rendering\OpenGL\GL\SavingState.dll	396776	7F1D51E7
FILE	.\packages\OpenGL\Graphics\Rendering\OpenGL\GL\SavingState.hs	3853	3842E4DC
FILE	.\packages\OpenGL\Graphics\Rendering\OpenGL\GL\Selection.c	2444	81C370D3
FILE	.\packages\OpenGL\Graphics\Rendering\OpenGL\GL\Selection.dll	396971	8626609E
FILE	.\packages\OpenGL\Graphics\Rendering\OpenGL\GL\Selection.hs	3616	2C6F1CBA
FILE	.\packages\OpenGL\Graphics\Rendering\OpenGL\GL\StateVar.hs	2963	D0D348E1
FILE	.\packages\OpenGL\Graphics\Rendering\OpenGL\GL\StringQueries.c	1180	21A9231E
FILE	.\packages\OpenGL\Graphics\Rendering\OpenGL\GL\StringQueries.dll	394990	655AF081
FILE	.\packages\OpenGL\Graphics\Rendering\OpenGL\GL\StringQueries.hs	2132	A0FA076F
FILE	.\packages\OpenGL\Graphics\Rendering\OpenGL\GL\Texturing\Application.hs	1497	200B1944
FILE	.\packages\OpenGL\Graphics\Rendering\OpenGL\GL\Texturing\Environments.c	3526	CEDA96EF
FILE	.\packages\OpenGL\Graphics\Rendering\OpenGL\GL\Texturing\Environments.dll	398049	8C0319D4
FILE	.\packages\OpenGL\Graphics\Rendering\OpenGL\GL\Texturing\Environments.hs	12202	824D4BA3
FILE	.\packages\OpenGL\Graphics\Rendering\OpenGL\GL\Texturing\Objects.c	3474	C2999839
FILE	.\packages\OpenGL\Graphics\Rendering\OpenGL\GL\Texturing\Objects.dll	397814	DA296301
FILE	.\packages\OpenGL\Graphics\Rendering\OpenGL\GL\Texturing\Objects.hs	5334	417B5EBF
FILE	.\packages\OpenGL\Graphics\Rendering\OpenGL\GL\Texturing\Parameters.hs	10895	EAB11AFF
FILE	.\packages\OpenGL\Graphics\Rendering\OpenGL\GL\Texturing\PixelInternalFormat.hs	5156	A316BBF9
FILE	.\packages\OpenGL\Graphics\Rendering\OpenGL\GL\Texturing\Queries.c	1373	EF22829B
FILE	.\packages\OpenGL\Graphics\Rendering\OpenGL\GL\Texturing\Queries.dll	395031	DBE3F469
FILE	.\packages\OpenGL\Graphics\Rendering\OpenGL\GL\Texturing\Queries.hs	6528	1C7037BB
FILE	.\packages\OpenGL\Graphics\Rendering\OpenGL\GL\Texturing\Specification.c	16746	C9B3D6B5
FILE	.\packages\OpenGL\Graphics\Rendering\OpenGL\GL\Texturing\Specification.dll	409699	D4D4CD59
FILE	.\packages\OpenGL\Graphics\Rendering\OpenGL\GL\Texturing\Specification.hs	21087	2AD42366
FILE	.\packages\OpenGL\Graphics\Rendering\OpenGL\GL\Texturing\TexParameter.c	3742	219E1CEA
FILE	.\packages\OpenGL\Graphics\Rendering\OpenGL\GL\Texturing\TexParameter.dll	398145	7759727B
FILE	.\packages\OpenGL\Graphics\Rendering\OpenGL\GL\Texturing\TexParameter.hs	6176	96FDDBBD
FILE	.\packages\OpenGL\Graphics\Rendering\OpenGL\GL\Texturing\TextureTarget.hs	2254	78D33B91
FILE	.\packages\OpenGL\Graphics\Rendering\OpenGL\GL\Texturing\TextureUnit.hs	1240	DF0EEFA1
FILE	.\packages\OpenGL\Graphics\Rendering\OpenGL\GL\Texturing.hs	1314	B5389B7
FILE	.\packages\OpenGL\Graphics\Rendering\OpenGL\GL\VertexArrays.c	11370	A77CAEA0
FILE	.\packages\OpenGL\Graphics\Rendering\OpenGL\GL\VertexArrays.dll	406594	2E9D342
FILE	.\packages\OpenGL\Graphics\Rendering\OpenGL\GL\VertexArrays.hs	24245	6CBE7E60
FILE	.\packages\OpenGL\Graphics\Rendering\OpenGL\GL\VertexSpec.c	67625	A9931C26
FILE	.\packages\OpenGL\Graphics\Rendering\OpenGL\GL\VertexSpec.dll	480090	BAF2024C
FILE	.\packages\OpenGL\Graphics\Rendering\OpenGL\GL\VertexSpec.hs	69871	F4E2771D
FILE	.\packages\OpenGL\Graphics\Rendering\OpenGL\GL.hs	3854	263D086
FILE	.\packages\OpenGL\Graphics\Rendering\OpenGL\GLU\Errors.hs	1559	1925D94B
FILE	.\packages\OpenGL\Graphics\Rendering\OpenGL\GLU\ErrorsInternal.c	1532	424C488C
FILE	.\packages\OpenGL\Graphics\Rendering\OpenGL\GLU\ErrorsInternal.dll	396873	4BEAD1CD
FILE	.\packages\OpenGL\Graphics\Rendering\OpenGL\GLU\ErrorsInternal.hs	7894	3DA6A8ED
FILE	.\packages\OpenGL\Graphics\Rendering\OpenGL\GLU\Initialization.c	1187	FD1EF17F
FILE	.\packages\OpenGL\Graphics\Rendering\OpenGL\GLU\Initialization.dll	394987	2AB1B6A6
FILE	.\packages\OpenGL\Graphics\Rendering\OpenGL\GLU\Initialization.hs	1840	B4FEA1D3
FILE	.\packages\OpenGL\Graphics\Rendering\OpenGL\GLU\Matrix.c	6140	43B5F3C1
FILE	.\packages\OpenGL\Graphics\Rendering\OpenGL\GLU\Matrix.dll	399822	89487076
FILE	.\packages\OpenGL\Graphics\Rendering\OpenGL\GLU\Matrix.hs	7572	7E4C9735
FILE	.\packages\OpenGL\Graphics\Rendering\OpenGL\GLU\Mipmapping.c	3044	E4294993
FILE	.\packages\OpenGL\Graphics\Rendering\OpenGL\GLU\Mipmapping.dll	397048	E0ECDC42
FILE	.\packages\OpenGL\Graphics\Rendering\OpenGL\GLU\Mipmapping.hs	3241	EE38EABE
FILE	.\packages\OpenGL\Graphics\Rendering\OpenGL\GLU\NURBS.c	13513	30FC1183
FILE	.\packages\OpenGL\Graphics\Rendering\OpenGL\GLU\NURBS.dll	409781	62E5570F
FILE	.\packages\OpenGL\Graphics\Rendering\OpenGL\GLU\NURBS.hs	15889	376FE833
FILE	.\packages\OpenGL\Graphics\Rendering\OpenGL\GLU\Quadrics.c	6750	D196EEAC
FILE	.\packages\OpenGL\Graphics\Rendering\OpenGL\GLU\Quadrics.dll	402355	35C5741D
FILE	.\packages\OpenGL\Graphics\Rendering\OpenGL\GLU\Quadrics.hs	7710	BDB26C54
FILE	.\packages\OpenGL\Graphics\Rendering\OpenGL\GLU\Tessellation.c	11289	9A91D2EB
FILE	.\packages\OpenGL\Graphics\Rendering\OpenGL\GLU\Tessellation.dll	407230	93604B43
FILE	.\packages\OpenGL\Graphics\Rendering\OpenGL\GLU\Tessellation.hs	23417	23336649
FILE	.\packages\OpenGL\Graphics\Rendering\OpenGL\GLU.hs	1271	EE983A59
FILE	.\packages\OpenGL\Graphics\Rendering\OpenGL.hs	5254	96A375DD
FILE	.\packages\OpenGL\LICENSE	1490	B6CC323A
FILE	.\packages\OpenGL\Paths_OpenGL.hs	718	7CDA3D4D
FILE	.\packages\parsec\LICENSE	1263	2DAF936B
FILE	.\packages\parsec\Paths_parsec.hs	718	A078037B
FILE	.\packages\parsec\Text\ParserCombinators\Parsec\Char.hs	3021	664C7594
FILE	.\packages\parsec\Text\ParserCombinators\Parsec\Combinator.hs	5745	CCF44A99
FILE	.\packages\parsec\Text\ParserCombinators\Parsec\Error.hs	6392	9437EA92
FILE	.\packages\parsec\Text\ParserCombinators\Parsec\Expr.hs	5197	987F6587
FILE	.\packages\parsec\Text\ParserCombinators\Parsec\Language.hs	4809	6F9C06CD
FILE	.\packages\parsec\Text\ParserCombinators\Parsec\Perm.hs	3984	44042B3F
FILE	.\packages\parsec\Text\ParserCombinators\Parsec\Pos.hs	3673	93FE1CB4
FILE	.\packages\parsec\Text\ParserCombinators\Parsec\Prim.hs	18046	778F9B46
FILE	.\packages\parsec\Text\ParserCombinators\Parsec\Token.hs	18288	E6DB5623
FILE	.\packages\parsec\Text\ParserCombinators\Parsec.hs	2192	77A8E72A
FILE	.\packages\QuickCheck\Debug\QuickCheck\Batch.hs	711	92F18EFC
FILE	.\packages\QuickCheck\Debug\QuickCheck\Poly.hs	589	275AE85E
FILE	.\packages\QuickCheck\Debug\QuickCheck\Utils.hs	668	D8CA8F1A
FILE	.\packages\QuickCheck\Debug\QuickCheck.hs	627	AFC5EB52
FILE	.\packages\QuickCheck\LICENSE	1611	771CDD0A
FILE	.\packages\QuickCheck\Paths_QuickCheck.hs	734	4C373ADC
FILE	.\packages\QuickCheck\Test\QuickCheck\Batch.hs	7082	43012697
FILE	.\packages\QuickCheck\Test\QuickCheck\Poly.hs	2394	1B04069B
FILE	.\packages\QuickCheck\Test\QuickCheck\Utils.hs	1624	6E3E7C22
FILE	.\packages\QuickCheck\Test\QuickCheck.hs	10655	8BC2EA04
FILE	.\packages\stm\Control\Concurrent\STM\TArray.hs	1697	88E7D55B
FILE	.\packages\stm\Control\Concurrent\STM\TVar.hs	667	AE9F695B
FILE	.\packages\stm\Control\Concurrent\STM.hs	1099	382F4A69
FILE	.\packages\stm\Control\Monad\STM.hs	978	CDE924B8
FILE	.\packages\stm\Control\Sequential\STM.hs	1773	42321F0F
FILE	.\packages\stm\LICENSE	1611	771CDD0A
FILE	.\packages\stm\Paths_stm.hs	706	C1CB2330
FILE	.\packages\time\Data\Time\Calendar\Days.hs	2106	65443C1B
FILE	.\packages\time\Data\Time\Calendar\Easter.hs	1569	ED63B01D
FILE	.\packages\time\Data\Time\Calendar\Gregorian.hs	3131	37F92642
FILE	.\packages\time\Data\Time\Calendar\Julian.hs	2956	C29D683
FILE	.\packages\time\Data\Time\Calendar\JulianYearDay.hs	1415	86ADD02E
FILE	.\packages\time\Data\Time\Calendar\MonthDay.hs	1555	53D7FD47
FILE	.\packages\time\Data\Time\Calendar\OrdinalDate.hs	2487	1CBDA788
FILE	.\packages\time\Data\Time\Calendar\Private.hs	1097	2CF4A2DE
FILE	.\packages\time\Data\Time\Calendar\WeekDate.hs	1862	6965AB04
FILE	.\packages\time\Data\Time\Calendar.hs	215	8F2B5AD8
FILE	.\packages\time\Data\Time\Clock\CTimeval.hs	156	C2DE6947
FILE	.\packages\time\Data\Time\Clock\POSIX.hs	1662	2FC51359
FILE	.\packages\time\Data\Time\Clock\Scale.hs	2231	964D6566
FILE	.\packages\time\Data\Time\Clock\TAI.hs	4306	A2A7BE5E
FILE	.\packages\time\Data\Time\Clock\UTC.hs	3868	D600AF8
FILE	.\packages\time\Data\Time\Clock\UTCDiff.hs	456	2130F393
FILE	.\packages\time\Data\Time\Clock.hs	521	2299408C
FILE	.\packages\time\Data\Time\LocalTime\Format.hs	7898	6EB96B22
FILE	.\packages\time\Data\Time\LocalTime\LocalTime.hs	2894	64558C33
FILE	.\packages\time\Data\Time\LocalTime\TimeOfDay.hs	2748	D4491274
FILE	.\packages\time\Data\Time\LocalTime\TimeZone.c	1426	188CC1AC
FILE	.\packages\time\Data\Time\LocalTime\TimeZone.dll	25282	8630854C
FILE	.\packages\time\Data\Time\LocalTime\TimeZone.hs	2654	6BB61B21
FILE	.\packages\time\Data\Time\LocalTime.hs	378	9D277353
FILE	.\packages\time\Data\Time.hs	228	18BAB3D9
FILE	.\packages\time\LICENSE	1289	D1FBAE64
FILE	.\packages\time\Paths_time.hs	710	81227664
FILE	.\packages\Win32\Graphics\Win32\Control.c	2456	5C97ADC4
FILE	.\packages\Win32\Graphics\Win32\Control.dll	417531	D264C50F
FILE	.\packages\Win32\Graphics\Win32\Control.hs	12567	9358E9D4
FILE	.\packages\Win32\Graphics\Win32\Dialogue.c	13606	C258CBBD
FILE	.\packages\Win32\Graphics\Win32\Dialogue.dll	781692	FB2C726C
FILE	.\packages\Win32\Graphics\Win32\Dialogue.hs	13108	5F1FDEBE
FILE	.\packages\Win32\Graphics\Win32\GDI\Bitmap.c	7536	29765FCE
FILE	.\packages\Win32\Graphics\Win32\GDI\Bitmap.dll	768695	D02098A7
FILE	.\packages\Win32\Graphics\Win32\GDI\Bitmap.hs	17362	499D8CE5
FILE	.\packages\Win32\Graphics\Win32\GDI\Brush.c	2985	B397421
FILE	.\packages\Win32\Graphics\Win32\GDI\Brush.dll	396007	566EFC67
FILE	.\packages\Win32\Graphics\Win32\GDI\Brush.hs	2825	B0FD3A71
FILE	.\packages\Win32\Graphics\Win32\GDI\Clip.c	7826	EBC2C23
FILE	.\packages\Win32\Graphics\Win32\GDI\Clip.dll	402574	72CCC9DB
FILE	.\packages\Win32\Graphics\Win32\GDI\Clip.hs	6426	9F400E1A
FILE	.\packages\Win32\Graphics\Win32\GDI\Font.c	2734	E9DBEFF3
FILE	.\packages\Win32\Graphics\Win32\GDI\Font.dll	395478	775A8474
FILE	.\packages\Win32\Graphics\Win32\GDI\Font.hs	7753	908D511D
FILE	.\packages\Win32\Graphics\Win32\GDI\Graphics2D.c	16047	D5D2BEA
FILE	.\packages\Win32\Graphics\Win32\GDI\Graphics2D.dll	412732	F44906CE
FILE	.\packages\Win32\Graphics\Win32\GDI\Graphics2D.hs	9725	E05A50D3
FILE	.\packages\Win32\Graphics\Win32\GDI\HDC.c	19132	86D01728
FILE	.\packages\Win32\Graphics\Win32\GDI\HDC.dll	417621	F56B6F6
FILE	.\packages\Win32\Graphics\Win32\GDI\HDC.hs	11356	8D550BF9
FILE	.\packages\Win32\Graphics\Win32\GDI\Palette.c	1672	3FC6518D
FILE	.\packages\Win32\Graphics\Win32\GDI\Palette.dll	394212	8A331D14
FILE	.\packages\Win32\Graphics\Win32\GDI\Palette.hs	1748	6873B0DA
FILE	.\packages\Win32\Graphics\Win32\GDI\Path.c	4287	B57610A9
FILE	.\packages\Win32\Graphics\Win32\GDI\Path.dll	397913	C8EA9271
FILE	.\packages\Win32\Graphics\Win32\GDI\Path.hs	2755	27D5721E
FILE	.\packages\Win32\Graphics\Win32\GDI\Pen.c	2146	6CDD847A
FILE	.\packages\Win32\Graphics\Win32\GDI\Pen.dll	394960	46D06CF6
FILE	.\packages\Win32\Graphics\Win32\GDI\Pen.hs	3971	B719D32D
FILE	.\packages\Win32\Graphics\Win32\GDI\Region.c	8830	7860758
FILE	.\packages\Win32\Graphics\Win32\GDI\Region.dll	403800	2A45AE25
FILE	.\packages\Win32\Graphics\Win32\GDI\Region.hs	5576	17D03CF0
FILE	.\packages\Win32\Graphics\Win32\GDI\Types.c	5448	749E986F
FILE	.\packages\Win32\Graphics\Win32\GDI\Types.dll	740433	6AF60B47
FILE	.\packages\Win32\Graphics\Win32\GDI\Types.hs	13120	51E3A8F5
FILE	.\packages\Win32\Graphics\Win32\GDI.hs	1435	4490CD38
FILE	.\packages\Win32\Graphics\Win32\Icon.c	2117	6F0681F5
FILE	.\packages\Win32\Graphics\Win32\Icon.dll	394938	90C83023
FILE	.\packages\Win32\Graphics\Win32\Icon.hs	1501	B9B65902
FILE	.\packages\Win32\Graphics\Win32\Key.c	3161	79844DA4
FILE	.\packages\Win32\Graphics\Win32\Key.dll	396225	D3D62B9D
FILE	.\packages\Win32\Graphics\Win32\Key.hs	4808	CAF429F4
FILE	.\packages\Win32\Graphics\Win32\Menu.c	16626	F67B2796
FILE	.\packages\Win32\Graphics\Win32\Menu.dll	414704	B6D5EB06
FILE	.\packages\Win32\Graphics\Win32\Menu.hs	20597	F5E70859
FILE	.\packages\Win32\Graphics\Win32\Message.c	1324	2260B9D8
FILE	.\packages\Win32\Graphics\Win32\Message.dll	393483	1842B9E
FILE	.\packages\Win32\Graphics\Win32\Message.hs	10733	A667072A
FILE	.\packages\Win32\Graphics\Win32\Misc.c	8099	4110C0B0
FILE	.\packages\Win32\Graphics\Win32\Misc.dll	768109	C258A25B
FILE	.\packages\Win32\Graphics\Win32\Misc.hs	11271	D3416850
FILE	.\packages\Win32\Graphics\Win32\Resource.c	6101	C567EC06
FILE	.\packages\Win32\Graphics\Win32\Resource.dll	400312	D7995AFA
FILE	.\packages\Win32\Graphics\Win32\Resource.hs	6298	3CCC1C4F
FILE	.\packages\Win32\Graphics\Win32\Window.c	24397	B24F0742
FILE	.\packages\Win32\Graphics\Win32\Window.dll	769383	8EFC79DA
FILE	.\packages\Win32\Graphics\Win32\Window.hs	27829	EEA81B3B
FILE	.\packages\Win32\Graphics\Win32.hs	1374	852A89FD
FILE	.\packages\Win32\LICENSE	1561	4087AAD9
FILE	.\packages\Win32\Paths_Win32.hs	714	585D5166
FILE	.\packages\Win32\System\Win32\Console.c	2838	953F92B
FILE	.\packages\Win32\System\Win32\Console.dll	395418	C854D106
FILE	.\packages\Win32\System\Win32\Console.hs	1833	6AC760B9
FILE	.\packages\Win32\System\Win32\DebugApi.c	6376	1A9A4B0E
FILE	.\packages\Win32\System\Win32\DebugApi.dll	400265	147D10F8
FILE	.\packages\Win32\System\Win32\DebugApi.hs	18621	8191157C
FILE	.\packages\Win32\System\Win32\DLL.c	4368	4EC9FA55
FILE	.\packages\Win32\System\Win32\DLL.dll	740087	763E6393
FILE	.\packages\Win32\System\Win32\DLL.hs	3204	B38B0E9C
FILE	.\packages\Win32\System\Win32\File.c	15213	5625D7F8
FILE	.\packages\Win32\System\Win32\File.dll	755694	3E232387
FILE	.\packages\Win32\System\Win32\File.hs	23406	87199376
FILE	.\packages\Win32\System\Win32\FileMapping.c	3569	B0DD2C9D
FILE	.\packages\Win32\System\Win32\FileMapping.dll	739326	76BB60F3
FILE	.\packages\Win32\System\Win32\FileMapping.hs	7480	6F1A295D
FILE	.\packages\Win32\System\Win32\Info.c	1219	952AF6DF
FILE	.\packages\Win32\System\Win32\Info.dll	392841	DA051E43
FILE	.\packages\Win32\System\Win32\Info.hs	16052	42092616
FILE	.\packages\Win32\System\Win32\Mem.c	13175	53C16C40
FILE	.\packages\Win32\System\Win32\Mem.dll	410372	C7DC8FCA
FILE	.\packages\Win32\System\Win32\Mem.hs	10662	FBD6694D
FILE	.\packages\Win32\System\Win32\NLS.c	6178	5B431A6A
FILE	.\packages\Win32\System\Win32\NLS.dll	399471	842456D9
FILE	.\packages\Win32\System\Win32\NLS.hs	21090	57C0ED16
FILE	.\packages\Win32\System\Win32\Process.c	3163	8963D1A
FILE	.\packages\Win32\System\Win32\Process.dll	398438	2815A896
FILE	.\packages\Win32\System\Win32\Process.hs	6113	42DF4CF0
FILE	.\packages\Win32\System\Win32\Registry.c	13598	99183F31
FILE	.\packages\Win32\System\Win32\Registry.dll	410499	1993A806
FILE	.\packages\Win32\System\Win32\Registry.hs	21109	8B5C62CD
FILE	.\packages\Win32\System\Win32\SimpleMAPI.c	4209	44A28260
FILE	.\packages\Win32\System\Win32\SimpleMAPI.dll	397383	6628953
FILE	.\packages\Win32\System\Win32\SimpleMAPI.hs	19018	199B9F64
FILE	.\packages\Win32\System\Win32\Time.c	9353	933F890B
FILE	.\packages\Win32\System\Win32\Time.dll	404474	7EC9AB5A
FILE	.\packages\Win32\System\Win32\Time.hs	15886	E61366A5
FILE	.\packages\Win32\System\Win32\Types.c	6904	F341092B
FILE	.\packages\Win32\System\Win32\Types.dll	1109407	AC1E9F11
FILE	.\packages\Win32\System\Win32\Types.hs	7967	73EA998F
FILE	.\packages\Win32\System\Win32.hs	1544	6FFC9889
FILE	.\packages\xhtml\LICENSE	1641	F3886AD6
FILE	.\packages\xhtml\Paths_xhtml.hs	732	BC9B3D46
FILE	.\packages\xhtml\Text\XHtml\BlockTable.hs	4769	41444133
FILE	.\packages\xhtml\Text\XHtml\Debug.hs	3641	42757333
FILE	.\packages\xhtml\Text\XHtml\Extras.hs	3312	9F12C7E4
FILE	.\packages\xhtml\Text\XHtml\Frameset\Attributes.hs	587	551085A9
FILE	.\packages\xhtml\Text\XHtml\Frameset\Elements.hs	358	1582DEBF
FILE	.\packages\xhtml\Text\XHtml\Frameset.hs	1850	127C5371
FILE	.\packages\xhtml\Text\XHtml\Internals.hs	10470	69258A35
FILE	.\packages\xhtml\Text\XHtml\Strict\Attributes.hs	3950	9D7EC20E
FILE	.\packages\xhtml\Text\XHtml\Strict\Elements.hs	5657	B38394A9
FILE	.\packages\xhtml\Text\XHtml\Strict.hs	1678	3463DB3A
FILE	.\packages\xhtml\Text\XHtml\Table.hs	3432	F319191B
FILE	.\packages\xhtml\Text\XHtml\Transitional\Attributes.hs	3906	6ADE8025
FILE	.\packages\xhtml\Text\XHtml\Transitional\Elements.hs	1503	FCC82B9B
FILE	.\packages\xhtml\Text\XHtml\Transitional.hs	2050	2E8C3036
FILE	.\packages\xhtml\Text\XHtml.hs	2123	8F17F958
FILE	.\programs\cpphs\Language\Preprocessor\Cpphs\CppIfdef.hs	8699	BEF0E5FB
FILE	.\programs\cpphs\Language\Preprocessor\Cpphs\HashDefine.hs	4111	A85D3FBD
FILE	.\programs\cpphs\Language\Preprocessor\Cpphs\MacroPass.hs	5626	519A8AA4
FILE	.\programs\cpphs\Language\Preprocessor\Cpphs\Options.hs	1492	84A7D244
FILE	.\programs\cpphs\Language\Preprocessor\Cpphs\Position.hs	2595	13DCD7E1
FILE	.\programs\cpphs\Language\Preprocessor\Cpphs\ReadFirst.hs	2337	FB34DB14
FILE	.\programs\cpphs\Language\Preprocessor\Cpphs\RunCpphs.hs	1319	7E71FD0F
FILE	.\programs\cpphs\Language\Preprocessor\Cpphs\SymTab.hs	2507	ADECC888
FILE	.\programs\cpphs\Language\Preprocessor\Cpphs\Tokenise.hs	13460	B50810C3
FILE	.\programs\cpphs\Language\Preprocessor\Cpphs.hs	803	D4D6DF14
FILE	.\programs\cpphs\Language\Preprocessor\Unlit.hs	3418	8CFEAE52
FILE	.\programs\cpphs\Main.hs	4949	5981C159
FILE	.\programs\cpphs\Paths_cpphs.hs	714	192CDD9D
FILE	.\programs\cpphs\Text\ParserCombinators\HuttonMeijer.hs	7846	D3E0BD6C
FILE	.\programs\hsc2hs\Main.hs	28476	2C0DA9C0
FILE	.\programs\hsc2hs\Paths_hsc2hs.c	1315	BCB7A5CC
FILE	.\programs\hsc2hs\Paths_hsc2hs.dll	390298	CC675E9E
FILE	.\programs\hsc2hs\Paths_hsc2hs.hs	2649	DACF2E5A
FILE	.\readme.txt	2349	B7C9E52C
FILE	.\runhugs.exe	520192	30C0BE67
FILE	.\uninstaller.exe	62237	E1C030EE
FILE	.\winhugs.exe	634880	8FD130F7
FILE	C:\Users\alanpika\Desktop\WinHugs.lnk
FILE	C:\Users\alanpika\AppData\Roaming\Microsoft\Windows\Start Menu\Programs\WinHugs\WinHugs.lnk
FILE	C:\Users\alanpika\AppData\Roaming\Microsoft\Windows\Start Menu\Programs\WinHugs\Readme.lnk
